 
****************************************
Report : area
Design : JAM
Version: Q-2019.12
Date   : Wed Feb 21 00:32:27 2024
****************************************

Library(s) Used:

    slow (File: /usr/cad/designkit/CBDK_IC_Contest_v2.1/SynopsysDC/db/slow.db)

Number of ports:                           30
Number of nets:                           764
Number of cells:                          664
Number of combinational cells:            555
Number of sequential cells:               109
Number of macros/black boxes:               0
Number of buf/inv:                         82
Number of references:                     110

Combinational area:               6692.848209
Buf/Inv area:                      663.683398
Noncombinational area:            3199.599031
Macro/Black Box area:                0.000000
Net Interconnect area:           96413.820435

Total cell area:                  9892.447240
Total area:                     106306.267675
1
